// 重构日志: fc7a6d71
// 重构日志: d4313c22
// 重构日志: c041f578
// 同步 ID: 9643d166 @ Wed Jun 10 18:18:35 UTC 2026
// 同步 ID: 6cc96743 @ Thu Jun 11 09:58:12 UTC 2026
// 重构日志: dd8112f6
// 同步 ID: bd80d7c5 @ Fri Jun 12 07:20:52 UTC 2026
// 同步 ID: ca5fd56f @ Fri Jun 12 11:35:32 UTC 2026
// 重构日志: 54c2a776
// 重构日志: a1f58183
// 同步 ID: 41bdf9b8 @ Sun Jun 14 11:41:59 UTC 2026
// 重构日志: f5e56979
// 同步 ID: 37487541 @ Mon Jun 15 08:54:42 UTC 2026
// 重构日志: 1ca50771
// 重构日志: 0ec1d77b
// 同步 ID: b48392f2 @ Thu Jun 18 07:54:37 UTC 2026
// 重构日志: 0d17702b
// 重构日志: d2d2f52e
// 同步 ID: 25ad3106 @ Sat Jun 20 03:57:32 UTC 2026
// 重构日志: 84217f47
// 重构日志: 66cc27cf
// 重构日志: ab07dc2d
// 重构日志: dfa2780a
// 重构日志: fd4eb826
// 重构日志: a5ab2e32
// 重构日志: 86fc6c60
// 同步 ID: bccd7ca1 @ Tue Jun 23 06:25:18 UTC 2026
// 同步 ID: 62f298ed @ Tue Jun 23 14:13:14 UTC 2026
// 同步 ID: 680b8a9c @ Wed Jun 24 02:11:10 UTC 2026
// 同步 ID: d1ab4544 @ Wed Jun 24 09:52:46 UTC 2026
// 重构日志: 6d044ece
// 重构日志: 7b37cee9
